<?xml version="1.0" encoding="UTF-8"?>
<!-- Generated by org.testng.reporters.JUnitReportReporter -->
<testsuite hostname="Ramsubramanians-MacBook-Pro.local" failures="0" tests="1" name="src.logintestcases.IncorrectUsername" time="2.080" errors="0" timestamp="04 Apr 2020 01:19:52 GMT" skipped="0">
  <testcase classname="src.logintestcases.IncorrectUsername" name="loginwithcorrectUsernameandpwd" time="2.080"/>
</testsuite> <!-- src.logintestcases.IncorrectUsername -->
