<?xml version="1.0" encoding="UTF-8"?>
<!-- Generated by org.testng.reporters.JUnitReportReporter -->
<testsuite hostname="Ramsubramanians-MacBook-Pro.local" failures="0" tests="1" name="src.logintestcases.Correctpassword" time="1.958" errors="0" timestamp="04 Apr 2020 01:19:52 GMT" skipped="0">
  <testcase classname="src.logintestcases.Correctpassword" name="loginwithcorrectUsernameandpwd" time="1.958"/>
</testsuite> <!-- src.logintestcases.Correctpassword -->
